10/05/2022 10:35:16 PM Chromedriver is already installed.
10/05/2022 10:35:18 PM *** Logger is display ***
10/05/2022 10:35:23 PM *****  Test 1 :Login Title is correct *****
10/05/2022 10:40:24 PM Chromedriver is already installed.
10/05/2022 10:40:26 PM *** Logger is display ***
10/05/2022 10:40:29 PM *****  Test 1 :Login Title is correct *****
10/05/2022 10:48:07 PM Chromedriver is already installed.
10/05/2022 10:48:09 PM *** Test 01: Login Page title verification ***
10/05/2022 10:48:59 PM Chromedriver is already installed.
10/05/2022 10:49:02 PM *** Test 01: Login Page title verification ***
10/05/2022 10:49:07 PM *****  Test 1 :Login page Title is incorrect *****
10/05/2022 10:49:33 PM Chromedriver is already installed.
10/05/2022 10:49:35 PM *** Test 01: Login Page title verification ***
10/05/2022 10:49:39 PM *****  Test 1 :Login page Title is incorrect *****
10/05/2022 10:49:52 PM Chromedriver is already installed.
10/05/2022 10:49:54 PM *** Test 01: Login Page title verification ***
10/05/2022 10:49:59 PM *****  Test 1 :Login page Title is incorrect *****
10/05/2022 11:00:07 PM Chromedriver is already installed.
10/05/2022 11:00:10 PM ***** START Test 01: Login Page title verification *****
10/05/2022 11:00:15 PM ***** Test 1 :Login page Title is Incorrect *****
10/05/2022 11:14:07 PM Chromedriver is already installed.
10/05/2022 11:14:10 PM ***** START Test 01: Login Page title verification *****
10/05/2022 11:14:14 PM ***** Test 1 :Login page Title is Incorrect *****
10/05/2022 11:18:40 PM Chromedriver is already installed.
10/05/2022 11:18:42 PM ***** START Test 01: Login Page title verification *****
10/05/2022 11:18:47 PM ***** Test 1 :Login page Title is Incorrect *****
10/05/2022 11:23:46 PM Chromedriver is already installed.
10/05/2022 11:23:48 PM ***** START Test 01: Login Page title verification *****
10/05/2022 11:23:52 PM ***** Test 1 :Login page Title is Incorrect *****
10/05/2022 11:27:31 PM Chromedriver is already installed.
10/05/2022 11:27:34 PM ***** START Test 01: Login Page title verification *****
10/05/2022 11:28:10 PM ***** Test 1 :Login page Title is Incorrect *****
10/05/2022 11:29:09 PM Chromedriver is already installed.
10/05/2022 11:29:11 PM ***** START Test 01: Login Page title verification *****
10/05/2022 11:29:15 PM ***** Test 1 :Login page Title is Incorrect *****
10/05/2022 11:30:06 PM Chromedriver is already installed.
10/05/2022 11:30:09 PM ***** START Test 01: Login Page title verification *****
10/05/2022 11:30:14 PM ***** Test 1 :Login page Title is Incorrect *****
10/05/2022 11:31:52 PM Chromedriver is already installed.
10/05/2022 11:31:54 PM ***** START Test 01: Login Page title verification *****
10/05/2022 11:31:59 PM ***** Test 1 :Login page Title is Incorrect *****
10/05/2022 11:40:39 PM Chromedriver is already installed.
10/05/2022 11:40:42 PM ***** START Test 01: Login Page title verification *****
10/05/2022 11:40:47 PM ***** Test 1 :Login page Title is Incorrect *****
10/05/2022 11:40:48 PM Chromedriver is already installed.
10/05/2022 11:40:50 PM Test_001_Home Page Title Verified
10/05/2022 11:41:20 PM Chromedriver is already installed.
10/05/2022 11:41:22 PM ***** START Test 01: Login Page title verification *****
10/05/2022 11:41:26 PM ***** Test 1 :Login page Title is Incorrect *****
10/05/2022 11:41:28 PM Chromedriver is already installed.
10/05/2022 11:41:30 PM Test_001_Home Page Title Verified
10/05/2022 11:43:20 PM Chromedriver is already installed.
10/05/2022 11:43:22 PM ***** START Test 01: Login Page title verification *****
10/05/2022 11:43:24 PM ***** Test 1 :Login page Title is Incorrect *****
10/05/2022 11:43:25 PM Chromedriver is already installed.
10/05/2022 11:43:28 PM Test_001_Home Page Title Verified
10/05/2022 11:44:23 PM Chromedriver is already installed.
10/05/2022 11:44:25 PM ***** START Test 01: Login Page title verification *****
10/05/2022 11:44:29 PM ***** Test 1 :Login page Title is Incorrect *****
10/05/2022 11:44:30 PM Chromedriver is already installed.
10/05/2022 11:44:32 PM Test_001_Home Page Title Verified
10/05/2022 11:46:01 PM Chromedriver is already installed.
10/05/2022 11:46:03 PM ***** START Test 01: Login Page title verification *****
10/05/2022 11:46:06 PM ***** Test 1 :Login page Title is Incorrect *****
10/05/2022 11:46:08 PM Chromedriver is already installed.
10/05/2022 11:46:10 PM Test_001_Home Page Title Verified
10/05/2022 11:48:58 PM Chromedriver is already installed.
10/05/2022 11:49:00 PM ***** START Test 01: Login Page title verification *****
10/05/2022 11:49:05 PM ***** Test 1 :Login page Title is Incorrect *****
10/05/2022 11:49:07 PM Chromedriver is already installed.
10/05/2022 11:49:09 PM Test_001_Home Page Title Verified
10/08/2022 07:32:05 PM Chromedriver is already installed.
10/08/2022 07:32:08 PM ***** START Test 01: Login Page title verification *****
10/08/2022 07:32:12 PM ***** Test 1 :Login page Title is Incorrect *****
10/08/2022 07:32:14 PM Chromedriver is already installed.
10/08/2022 07:32:16 PM Test_001_Home Page Title Verified
10/08/2022 07:33:03 PM Chromedriver is already installed.
10/08/2022 07:33:05 PM ***** START Test 01: Login Page title verification *****
10/08/2022 07:33:09 PM ***** Test 1 :Login page Title is Correct *****
10/08/2022 07:33:10 PM Chromedriver is already installed.
10/08/2022 07:33:12 PM Test_001_Home Page Title Verified
10/08/2022 07:34:37 PM Chromedriver is already installed.
10/08/2022 07:34:40 PM ***** START Test 01: Login Page title verification *****
10/08/2022 07:34:44 PM ***** Test 1 :Login page Title is Correct *****
10/08/2022 07:34:45 PM Chromedriver is already installed.
10/08/2022 07:34:47 PM Test_001_Home Page Title Verified
10/08/2022 07:35:34 PM Chromedriver is already installed.
10/08/2022 07:35:37 PM ***** START Test 01: Login Page title verification *****
10/08/2022 07:35:40 PM Chromedriver is already installed.
10/08/2022 07:35:43 PM Test_001_Home Page Title Verified
10/08/2022 07:45:52 PM Chromedriver is already installed.
10/08/2022 07:45:55 PM ***** START Test 01: Login Page title verification *****
10/08/2022 07:46:01 PM Chromedriver is already installed.
10/08/2022 07:46:03 PM Test_001_Home Page Title Verified
10/08/2022 07:47:28 PM Chromedriver is already installed.
10/08/2022 07:47:31 PM ***** START Test 01: Login Page title verification *****
10/08/2022 07:47:35 PM ***** Test 1 :Login page Title is Incorrect *****
10/08/2022 08:06:08 PM Chromedriver is already installed.
10/08/2022 08:06:11 PM ***** START Test 01: Login Page title verification *****
10/08/2022 08:06:15 PM ***** Test 1 :Login page Title is Correct *****
10/08/2022 08:08:08 PM Chromedriver is already installed.
10/08/2022 08:08:10 PM ***** START Test 01: Login Page title verification *****
10/08/2022 08:08:12 PM ***** Test 1 :Login page Title is Correct *****
